<?xml version="1.0" encoding="UTF-8"?>
<testsuite name="com.aliagasiyev.bigdata.blockchain.BlockchainTest" tests="1" skipped="0" failures="0" errors="0" timestamp="2025-07-20T05:23:15" hostname="Alis-MacBook-Air.local" time="0.011">
  <properties/>
  <testcase name="addBlockWithSpecialCharacters()" classname="com.aliagasiyev.bigdata.blockchain.BlockchainTest" time="0.011"/>
  <system-out><![CDATA[]]></system-out>
  <system-err><![CDATA[]]></system-err>
</testsuite>
