<?xml version="1.0" encoding="UTF-8"?>
<testsuite name="com.aliagasiyev.bigdata.monitoring.MonitoringServiceTest" tests="1" skipped="0" failures="0" errors="0" timestamp="2025-07-06T11:02:36" hostname="Alis-MacBook-Air.local" time="0.006">
  <properties/>
  <testcase name="recordsRequestsAndCalculatesAvailability()" classname="com.aliagasiyev.bigdata.monitoring.MonitoringServiceTest" time="0.006"/>
  <system-out><![CDATA[]]></system-out>
  <system-err><![CDATA[]]></system-err>
</testsuite>
